<?xml version="1.0" encoding="UTF-8"?>
<rss version="2.0" xmlns:content="http://purl.org/rss/1.0/modules/content/" xmlns:podcast="https://podcastindex.org/namespace/1.0" xmlns:atom="http://www.w3.org/2005/Atom" xmlns:itunes="http://www.itunes.com/dtds/podcast-1.0.dtd"><channel><atom:link href="http://www.example.com/feed" rel="self" type="application/rss+xml"></atom:link><title>Test title</title><description><![CDATA[Test description]]></description><link>http://www.example.com/podcast-site</link><language>fr</language><itunes:category text="Drama" itunes:category="Thriller"></itunes:category><itunes:category text="Comedy"></itunes:category><itunes:explicit>true</itunes:explicit><itunes:image href="http://www.example.com/image.png"></itunes:image><podcast:locked>yes</podcast:locked><podcast:guid>podcast-123-abc</podcast:guid><itunes:author>Mr Author</itunes:author><copyright>Mr Author&#39;s Boss</copyright><podcast:txt purpose="validation">text test</podcast:txt><podcast:funding url="http://www.example.com/funding">Money please</podcast:funding><itunes:type>episodic</itunes:type><itunes:complete>yes</itunes:complete><item><title>A podcast 1</title><enclosure length="2001" type="audio/mpeg" url="http://www.example.com/pod1.mp3"></enclosure><guid isPermaLink="false">abcdef-123456</guid><link>http://www.example.com/ep-link</link><pubDate>test date</pubDate><description><![CDATA[Test episode description]]></description><itunes:duration>12345</itunes:duration><itunes:image href="http://www.example.com/ep-image.jpg"></itunes:image><itunes:explicit>true</itunes:explicit><podcast:transcript url="http://www.example.com/ep/trans.fr.txt" type="text/plain" rel="something" language="fr"></podcast:transcript><podcast:transcript url="http://www.example.com/ep/trans.en.txt" type="text/plain" rel="something" language="en"></podcast:transcript><itunes:episode>1</itunes:episode><itunes:season>2</itunes:season><itunes:episodeType>long</itunes:episodeType><itunes:block>no</itunes:block></item></channel></rss>
