<?xml version="1.0" encoding="UTF-8"?>
<rss version="2.0" xmlns:content="http://purl.org/rss/1.0/modules/content/" xmlns:podcast="https://podcastindex.org/namespace/1.0" xmlns:atom="http://www.w3.org/2005/Atom" xmlns:itunes="http://www.itunes.com/dtds/podcast-1.0.dtd"><channel><atom:link href="http://www.example.com/feed" rel="self" type="application/rss+xml"></atom:link><title>Test title</title><description><![CDATA[Test description]]></description><link>http://www.example.com/podcast-site</link><language>fr</language><itunes:category text="Drama"></itunes:category><itunes:explicit>true</itunes:explicit><itunes:image href="http://www.example.com/image.png"></itunes:image><item><title>A podcast 1</title><enclosure length="2001" type="audio/mpeg" url="http://www.example.com/pod1.mp3"></enclosure><guid>abcdef-123456</guid></item><item><title>A podcast 2</title><enclosure length="2002" type="audio/mpeg" url="http://www.example.com/pod2.mp3"></enclosure><guid>abcdef-223456</guid></item></channel></rss>
